0 verbose cli C:\Program Files\nodejs\node.exe C:\Program Files\nodejs\node_modules\npm\bin\npm-cli.js
1 info using npm@10.5.2
2 info using node@v20.13.1
3 timing npm:load:whichnode Completed in 1ms
4 timing config:load:defaults Completed in 1ms
5 timing config:load:file:C:\Program Files\nodejs\node_modules\npm\npmrc Completed in 2ms
6 timing config:load:builtin Completed in 2ms
7 timing config:load:cli Completed in 3ms
8 timing config:load:env Completed in 1ms
9 timing config:load:file:C:\Users\jeel kunj\OneDrive\Desktop\Tatvasoft\Angular_VCProject-main\.npmrc Completed in 0ms
10 timing config:load:project Completed in 28ms
11 timing config:load:file:C:\Users\jeel kunj\.npmrc Completed in 0ms
12 timing config:load:user Completed in 1ms
13 timing config:load:file:C:\Users\jeel kunj\AppData\Roaming\npm\etc\npmrc Completed in 0ms
14 timing config:load:global Completed in 0ms
15 timing config:load:setEnvs Completed in 1ms
16 timing config:load Completed in 37ms
17 timing npm:load:configload Completed in 37ms
18 timing config:load:flatten Completed in 3ms
19 timing npm:load:mkdirpcache Completed in 0ms
20 timing npm:load:mkdirplogs Completed in 0ms
21 verbose title npm audix fix
22 verbose argv "audix" "fix" "--force"
23 timing npm:load:setTitle Completed in 1ms
24 timing npm:load:display Completed in 0ms
25 verbose logfile logs-max:10 dir:C:\Users\jeel kunj\AppData\Local\npm-cache\_logs\2024-05-28T14_47_59_057Z-
26 verbose logfile C:\Users\jeel kunj\AppData\Local\npm-cache\_logs\2024-05-28T14_47_59_057Z-debug-0.log
27 timing npm:load:logFile Completed in 2ms
28 timing npm:load:timers Completed in 0ms
29 timing npm:load:configScope Completed in 0ms
30 warn using --force Recommended protections disabled.
31 timing npm:load Completed in 70ms
32 silly logfile start cleaning logs, removing 1 files
33 verbose exit 1
34 timing npm Completed in 825ms
35 verbose code 1
